1714902366332|0|statement|connection 0|url jdbc:p6spy:h2:mem:wmslive;DB_CLOSE_DELAY=-1;DB_CLOSE_ON_EXIT=FALSE|drop table if exists product cascade |drop table if exists product cascade 
1714902366348|10|statement|connection 0|url jdbc:p6spy:h2:mem:wmslive;DB_CLOSE_DELAY=-1;DB_CLOSE_ON_EXIT=FALSE|create table product (height_in_millimeters bigint not null, length_in_millimeters bigint not null, product_no bigint generated by default as identity, weight_in_grams bigint not null, width_in_millimeters bigint not null, brand varchar(255) not null, category varchar(255) not null check (category in ('ELECTRONICS')), code varchar(255) not null unique, description varchar(255) not null, maker varchar(255) not null, name varchar(255) not null, origin varchar(255) not null, temperature_zone varchar(255) not null check (temperature_zone in ('ROOM_TEMPERATURE')), primary key (product_no))|create table product (height_in_millimeters bigint not null, length_in_millimeters bigint not null, product_no bigint generated by default as identity, weight_in_grams bigint not null, width_in_millimeters bigint not null, brand varchar(255) not null, category varchar(255) not null check (category in ('ELECTRONICS')), code varchar(255) not null unique, description varchar(255) not null, maker varchar(255) not null, name varchar(255) not null, origin varchar(255) not null, temperature_zone varchar(255) not null check (temperature_zone in ('ROOM_TEMPERATURE')), primary key (product_no))
1714902366350|0|statement|connection 0|url jdbc:p6spy:h2:mem:wmslive;DB_CLOSE_DELAY=-1;DB_CLOSE_ON_EXIT=FALSE|comment on table product is '상품'|comment on table product is '상품'
1714902366351|0|statement|connection 0|url jdbc:p6spy:h2:mem:wmslive;DB_CLOSE_DELAY=-1;DB_CLOSE_ON_EXIT=FALSE|comment on column product.height_in_millimeters is '상품 높이(mm)'|comment on column product.height_in_millimeters is '상품 높이(mm)'
1714902366351|0|statement|connection 0|url jdbc:p6spy:h2:mem:wmslive;DB_CLOSE_DELAY=-1;DB_CLOSE_ON_EXIT=FALSE|comment on column product.length_in_millimeters is '상품 길이(mm)'|comment on column product.length_in_millimeters is '상품 길이(mm)'
1714902366351|0|statement|connection 0|url jdbc:p6spy:h2:mem:wmslive;DB_CLOSE_DELAY=-1;DB_CLOSE_ON_EXIT=FALSE|comment on column product.product_no is '상품 번호'|comment on column product.product_no is '상품 번호'
1714902366352|0|statement|connection 0|url jdbc:p6spy:h2:mem:wmslive;DB_CLOSE_DELAY=-1;DB_CLOSE_ON_EXIT=FALSE|comment on column product.weight_in_grams is '무게(그램)'|comment on column product.weight_in_grams is '무게(그램)'
1714902366352|0|statement|connection 0|url jdbc:p6spy:h2:mem:wmslive;DB_CLOSE_DELAY=-1;DB_CLOSE_ON_EXIT=FALSE|comment on column product.width_in_millimeters is '상품 너비(mm)'|comment on column product.width_in_millimeters is '상품 너비(mm)'
1714902366353|0|statement|connection 0|url jdbc:p6spy:h2:mem:wmslive;DB_CLOSE_DELAY=-1;DB_CLOSE_ON_EXIT=FALSE|comment on column product.brand is '상품설명'|comment on column product.brand is '상품설명'
1714902366353|0|statement|connection 0|url jdbc:p6spy:h2:mem:wmslive;DB_CLOSE_DELAY=-1;DB_CLOSE_ON_EXIT=FALSE|comment on column product.category is '카테고리'|comment on column product.category is '카테고리'
1714902366353|0|statement|connection 0|url jdbc:p6spy:h2:mem:wmslive;DB_CLOSE_DELAY=-1;DB_CLOSE_ON_EXIT=FALSE|comment on column product.code is '상품명'|comment on column product.code is '상품명'
1714902366354|0|statement|connection 0|url jdbc:p6spy:h2:mem:wmslive;DB_CLOSE_DELAY=-1;DB_CLOSE_ON_EXIT=FALSE|comment on column product.description is '상품코드'|comment on column product.description is '상품코드'
1714902366354|0|statement|connection 0|url jdbc:p6spy:h2:mem:wmslive;DB_CLOSE_DELAY=-1;DB_CLOSE_ON_EXIT=FALSE|comment on column product.maker is '제조사'|comment on column product.maker is '제조사'
1714902366355|0|statement|connection 0|url jdbc:p6spy:h2:mem:wmslive;DB_CLOSE_DELAY=-1;DB_CLOSE_ON_EXIT=FALSE|comment on column product.name is '상품 번호'|comment on column product.name is '상품 번호'
1714902366355|0|statement|connection 0|url jdbc:p6spy:h2:mem:wmslive;DB_CLOSE_DELAY=-1;DB_CLOSE_ON_EXIT=FALSE|comment on column product.origin is '원산지'|comment on column product.origin is '원산지'
1714902366355|0|statement|connection 0|url jdbc:p6spy:h2:mem:wmslive;DB_CLOSE_DELAY=-1;DB_CLOSE_ON_EXIT=FALSE|comment on column product.temperature_zone is '온도대'|comment on column product.temperature_zone is '온도대'
1714902368802|5|statement|connection 0|url jdbc:p6spy:h2:mem:wmslive;DB_CLOSE_DELAY=-1;DB_CLOSE_ON_EXIT=FALSE|insert into product (brand,category,code,description,maker,name,origin,height_in_millimeters,length_in_millimeters,width_in_millimeters,temperature_zone,weight_in_grams,product_no) values (?,?,?,?,?,?,?,?,?,?,?,?,default)|insert into product (brand,category,code,description,maker,name,origin,height_in_millimeters,length_in_millimeters,width_in_millimeters,temperature_zone,weight_in_grams,product_no) values ('brand','ELECTRONICS','code','description','maker','name','origin',100,100,100,'ROOM_TEMPERATURE',1000,default)
1714902368825|0|commit|connection 0|url jdbc:p6spy:h2:mem:wmslive;DB_CLOSE_DELAY=-1;DB_CLOSE_ON_EXIT=FALSE||
1714902368895|1|statement|connection 0|url jdbc:p6spy:h2:mem:wmslive;DB_CLOSE_DELAY=-1;DB_CLOSE_ON_EXIT=FALSE|insert into product (brand,category,code,description,maker,name,origin,height_in_millimeters,length_in_millimeters,width_in_millimeters,temperature_zone,weight_in_grams,product_no) values (?,?,?,?,?,?,?,?,?,?,?,?,default)|insert into product (brand,category,code,description,maker,name,origin,height_in_millimeters,length_in_millimeters,width_in_millimeters,temperature_zone,weight_in_grams,product_no) values ('brand','ELECTRONICS','code','description','maker','name','origin',100,100,100,'ROOM_TEMPERATURE',1000,default)
1714902368903|0|rollback|connection 0|url jdbc:p6spy:h2:mem:wmslive;DB_CLOSE_DELAY=-1;DB_CLOSE_ON_EXIT=FALSE||
1714903586399|0|statement|connection 0|url jdbc:p6spy:h2:mem:wmslive;DB_CLOSE_DELAY=-1;DB_CLOSE_ON_EXIT=FALSE|drop table if exists product cascade |drop table if exists product cascade 
1714903586416|11|statement|connection 0|url jdbc:p6spy:h2:mem:wmslive;DB_CLOSE_DELAY=-1;DB_CLOSE_ON_EXIT=FALSE|create table product (height_in_millimeters bigint not null, length_in_millimeters bigint not null, product_no bigint generated by default as identity, weight_in_grams bigint not null, width_in_millimeters bigint not null, brand varchar(255) not null, category varchar(255) not null check (category in ('ELECTRONICS')), code varchar(255) not null unique, description varchar(255) not null, maker varchar(255) not null, name varchar(255) not null, origin varchar(255) not null, temperature_zone varchar(255) not null check (temperature_zone in ('ROOM_TEMPERATURE')), primary key (product_no))|create table product (height_in_millimeters bigint not null, length_in_millimeters bigint not null, product_no bigint generated by default as identity, weight_in_grams bigint not null, width_in_millimeters bigint not null, brand varchar(255) not null, category varchar(255) not null check (category in ('ELECTRONICS')), code varchar(255) not null unique, description varchar(255) not null, maker varchar(255) not null, name varchar(255) not null, origin varchar(255) not null, temperature_zone varchar(255) not null check (temperature_zone in ('ROOM_TEMPERATURE')), primary key (product_no))
1714903586418|0|statement|connection 0|url jdbc:p6spy:h2:mem:wmslive;DB_CLOSE_DELAY=-1;DB_CLOSE_ON_EXIT=FALSE|comment on table product is '상품'|comment on table product is '상품'
1714903586418|0|statement|connection 0|url jdbc:p6spy:h2:mem:wmslive;DB_CLOSE_DELAY=-1;DB_CLOSE_ON_EXIT=FALSE|comment on column product.height_in_millimeters is '상품 높이(mm)'|comment on column product.height_in_millimeters is '상품 높이(mm)'
1714903586419|0|statement|connection 0|url jdbc:p6spy:h2:mem:wmslive;DB_CLOSE_DELAY=-1;DB_CLOSE_ON_EXIT=FALSE|comment on column product.length_in_millimeters is '상품 길이(mm)'|comment on column product.length_in_millimeters is '상품 길이(mm)'
1714903586419|0|statement|connection 0|url jdbc:p6spy:h2:mem:wmslive;DB_CLOSE_DELAY=-1;DB_CLOSE_ON_EXIT=FALSE|comment on column product.product_no is '상품 번호'|comment on column product.product_no is '상품 번호'
1714903586419|0|statement|connection 0|url jdbc:p6spy:h2:mem:wmslive;DB_CLOSE_DELAY=-1;DB_CLOSE_ON_EXIT=FALSE|comment on column product.weight_in_grams is '무게(그램)'|comment on column product.weight_in_grams is '무게(그램)'
1714903586420|0|statement|connection 0|url jdbc:p6spy:h2:mem:wmslive;DB_CLOSE_DELAY=-1;DB_CLOSE_ON_EXIT=FALSE|comment on column product.width_in_millimeters is '상품 너비(mm)'|comment on column product.width_in_millimeters is '상품 너비(mm)'
1714903586420|0|statement|connection 0|url jdbc:p6spy:h2:mem:wmslive;DB_CLOSE_DELAY=-1;DB_CLOSE_ON_EXIT=FALSE|comment on column product.brand is '상품설명'|comment on column product.brand is '상품설명'
1714903586420|0|statement|connection 0|url jdbc:p6spy:h2:mem:wmslive;DB_CLOSE_DELAY=-1;DB_CLOSE_ON_EXIT=FALSE|comment on column product.category is '카테고리'|comment on column product.category is '카테고리'
1714903586421|0|statement|connection 0|url jdbc:p6spy:h2:mem:wmslive;DB_CLOSE_DELAY=-1;DB_CLOSE_ON_EXIT=FALSE|comment on column product.code is '상품명'|comment on column product.code is '상품명'
1714903586421|0|statement|connection 0|url jdbc:p6spy:h2:mem:wmslive;DB_CLOSE_DELAY=-1;DB_CLOSE_ON_EXIT=FALSE|comment on column product.description is '상품코드'|comment on column product.description is '상품코드'
1714903586422|0|statement|connection 0|url jdbc:p6spy:h2:mem:wmslive;DB_CLOSE_DELAY=-1;DB_CLOSE_ON_EXIT=FALSE|comment on column product.maker is '제조사'|comment on column product.maker is '제조사'
1714903586422|0|statement|connection 0|url jdbc:p6spy:h2:mem:wmslive;DB_CLOSE_DELAY=-1;DB_CLOSE_ON_EXIT=FALSE|comment on column product.name is '상품 번호'|comment on column product.name is '상품 번호'
1714903586422|0|statement|connection 0|url jdbc:p6spy:h2:mem:wmslive;DB_CLOSE_DELAY=-1;DB_CLOSE_ON_EXIT=FALSE|comment on column product.origin is '원산지'|comment on column product.origin is '원산지'
1714903586423|0|statement|connection 0|url jdbc:p6spy:h2:mem:wmslive;DB_CLOSE_DELAY=-1;DB_CLOSE_ON_EXIT=FALSE|comment on column product.temperature_zone is '온도대'|comment on column product.temperature_zone is '온도대'
1714903587729|0|statement|connection 0|url jdbc:p6spy:h2:mem:wmslive;DB_CLOSE_DELAY=-1;DB_CLOSE_ON_EXIT=FALSE|SET REFERENTIAL_INTEGRITY FALSE|SET REFERENTIAL_INTEGRITY FALSE
1714903587740|0|statement|connection 0|url jdbc:p6spy:h2:mem:wmslive;DB_CLOSE_DELAY=-1;DB_CLOSE_ON_EXIT=FALSE|TRUNCATE TABLE product RESTART IDENTITY |TRUNCATE TABLE product RESTART IDENTITY 
1714903587740|0|statement|connection 0|url jdbc:p6spy:h2:mem:wmslive;DB_CLOSE_DELAY=-1;DB_CLOSE_ON_EXIT=FALSE|SET REFERENTIAL_INTEGRITY TRUE|SET REFERENTIAL_INTEGRITY TRUE
1714903587741|0|commit|connection 0|url jdbc:p6spy:h2:mem:wmslive;DB_CLOSE_DELAY=-1;DB_CLOSE_ON_EXIT=FALSE||
1714903588838|6|statement|connection 0|url jdbc:p6spy:h2:mem:wmslive;DB_CLOSE_DELAY=-1;DB_CLOSE_ON_EXIT=FALSE|insert into product (brand,category,code,description,maker,name,origin,height_in_millimeters,length_in_millimeters,width_in_millimeters,temperature_zone,weight_in_grams,product_no) values (?,?,?,?,?,?,?,?,?,?,?,?,default)|insert into product (brand,category,code,description,maker,name,origin,height_in_millimeters,length_in_millimeters,width_in_millimeters,temperature_zone,weight_in_grams,product_no) values ('brand','ELECTRONICS','code','description','maker','name','origin',100,100,100,'ROOM_TEMPERATURE',1000,default)
1714903588854|0|commit|connection 0|url jdbc:p6spy:h2:mem:wmslive;DB_CLOSE_DELAY=-1;DB_CLOSE_ON_EXIT=FALSE||
1714903588933|2|statement|connection 0|url jdbc:p6spy:h2:mem:wmslive;DB_CLOSE_DELAY=-1;DB_CLOSE_ON_EXIT=FALSE|insert into product (brand,category,code,description,maker,name,origin,height_in_millimeters,length_in_millimeters,width_in_millimeters,temperature_zone,weight_in_grams,product_no) values (?,?,?,?,?,?,?,?,?,?,?,?,default)|insert into product (brand,category,code,description,maker,name,origin,height_in_millimeters,length_in_millimeters,width_in_millimeters,temperature_zone,weight_in_grams,product_no) values ('brand','ELECTRONICS','code','description','maker','name','origin',100,100,100,'ROOM_TEMPERATURE',1000,default)
1714903588941|0|rollback|connection 0|url jdbc:p6spy:h2:mem:wmslive;DB_CLOSE_DELAY=-1;DB_CLOSE_ON_EXIT=FALSE||
1714903710717|0|statement|connection 0|url jdbc:p6spy:h2:mem:wmslive;DB_CLOSE_DELAY=-1;DB_CLOSE_ON_EXIT=FALSE|drop table if exists product cascade |drop table if exists product cascade 
1714903710732|8|statement|connection 0|url jdbc:p6spy:h2:mem:wmslive;DB_CLOSE_DELAY=-1;DB_CLOSE_ON_EXIT=FALSE|create table product (height_in_millimeters bigint not null, length_in_millimeters bigint not null, product_no bigint generated by default as identity, weight_in_grams bigint not null, width_in_millimeters bigint not null, brand varchar(255) not null, category varchar(255) not null check (category in ('ELECTRONICS')), code varchar(255) not null unique, description varchar(255) not null, maker varchar(255) not null, name varchar(255) not null, origin varchar(255) not null, temperature_zone varchar(255) not null check (temperature_zone in ('ROOM_TEMPERATURE')), primary key (product_no))|create table product (height_in_millimeters bigint not null, length_in_millimeters bigint not null, product_no bigint generated by default as identity, weight_in_grams bigint not null, width_in_millimeters bigint not null, brand varchar(255) not null, category varchar(255) not null check (category in ('ELECTRONICS')), code varchar(255) not null unique, description varchar(255) not null, maker varchar(255) not null, name varchar(255) not null, origin varchar(255) not null, temperature_zone varchar(255) not null check (temperature_zone in ('ROOM_TEMPERATURE')), primary key (product_no))
1714903710735|2|statement|connection 0|url jdbc:p6spy:h2:mem:wmslive;DB_CLOSE_DELAY=-1;DB_CLOSE_ON_EXIT=FALSE|comment on table product is '상품'|comment on table product is '상품'
1714903710736|0|statement|connection 0|url jdbc:p6spy:h2:mem:wmslive;DB_CLOSE_DELAY=-1;DB_CLOSE_ON_EXIT=FALSE|comment on column product.height_in_millimeters is '상품 높이(mm)'|comment on column product.height_in_millimeters is '상품 높이(mm)'
1714903710736|0|statement|connection 0|url jdbc:p6spy:h2:mem:wmslive;DB_CLOSE_DELAY=-1;DB_CLOSE_ON_EXIT=FALSE|comment on column product.length_in_millimeters is '상품 길이(mm)'|comment on column product.length_in_millimeters is '상품 길이(mm)'
1714903710737|0|statement|connection 0|url jdbc:p6spy:h2:mem:wmslive;DB_CLOSE_DELAY=-1;DB_CLOSE_ON_EXIT=FALSE|comment on column product.product_no is '상품 번호'|comment on column product.product_no is '상품 번호'
1714903710737|0|statement|connection 0|url jdbc:p6spy:h2:mem:wmslive;DB_CLOSE_DELAY=-1;DB_CLOSE_ON_EXIT=FALSE|comment on column product.weight_in_grams is '무게(그램)'|comment on column product.weight_in_grams is '무게(그램)'
1714903710737|0|statement|connection 0|url jdbc:p6spy:h2:mem:wmslive;DB_CLOSE_DELAY=-1;DB_CLOSE_ON_EXIT=FALSE|comment on column product.width_in_millimeters is '상품 너비(mm)'|comment on column product.width_in_millimeters is '상품 너비(mm)'
1714903710738|0|statement|connection 0|url jdbc:p6spy:h2:mem:wmslive;DB_CLOSE_DELAY=-1;DB_CLOSE_ON_EXIT=FALSE|comment on column product.brand is '브랜드'|comment on column product.brand is '브랜드'
1714903710738|0|statement|connection 0|url jdbc:p6spy:h2:mem:wmslive;DB_CLOSE_DELAY=-1;DB_CLOSE_ON_EXIT=FALSE|comment on column product.category is '카테고리'|comment on column product.category is '카테고리'
1714903710739|0|statement|connection 0|url jdbc:p6spy:h2:mem:wmslive;DB_CLOSE_DELAY=-1;DB_CLOSE_ON_EXIT=FALSE|comment on column product.code is '상품코드'|comment on column product.code is '상품코드'
1714903710739|0|statement|connection 0|url jdbc:p6spy:h2:mem:wmslive;DB_CLOSE_DELAY=-1;DB_CLOSE_ON_EXIT=FALSE|comment on column product.description is '상품설명'|comment on column product.description is '상품설명'
1714903710739|0|statement|connection 0|url jdbc:p6spy:h2:mem:wmslive;DB_CLOSE_DELAY=-1;DB_CLOSE_ON_EXIT=FALSE|comment on column product.maker is '제조사'|comment on column product.maker is '제조사'
1714903710740|0|statement|connection 0|url jdbc:p6spy:h2:mem:wmslive;DB_CLOSE_DELAY=-1;DB_CLOSE_ON_EXIT=FALSE|comment on column product.name is '상품명'|comment on column product.name is '상품명'
1714903710740|0|statement|connection 0|url jdbc:p6spy:h2:mem:wmslive;DB_CLOSE_DELAY=-1;DB_CLOSE_ON_EXIT=FALSE|comment on column product.origin is '원산지'|comment on column product.origin is '원산지'
1714903710741|0|statement|connection 0|url jdbc:p6spy:h2:mem:wmslive;DB_CLOSE_DELAY=-1;DB_CLOSE_ON_EXIT=FALSE|comment on column product.temperature_zone is '온도대'|comment on column product.temperature_zone is '온도대'
1714903712060|0|statement|connection 0|url jdbc:p6spy:h2:mem:wmslive;DB_CLOSE_DELAY=-1;DB_CLOSE_ON_EXIT=FALSE|SET REFERENTIAL_INTEGRITY FALSE|SET REFERENTIAL_INTEGRITY FALSE
1714903712072|0|statement|connection 0|url jdbc:p6spy:h2:mem:wmslive;DB_CLOSE_DELAY=-1;DB_CLOSE_ON_EXIT=FALSE|TRUNCATE TABLE product RESTART IDENTITY |TRUNCATE TABLE product RESTART IDENTITY 
1714903712072|0|statement|connection 0|url jdbc:p6spy:h2:mem:wmslive;DB_CLOSE_DELAY=-1;DB_CLOSE_ON_EXIT=FALSE|SET REFERENTIAL_INTEGRITY TRUE|SET REFERENTIAL_INTEGRITY TRUE
1714903712073|0|commit|connection 0|url jdbc:p6spy:h2:mem:wmslive;DB_CLOSE_DELAY=-1;DB_CLOSE_ON_EXIT=FALSE||
1714903713024|3|statement|connection 0|url jdbc:p6spy:h2:mem:wmslive;DB_CLOSE_DELAY=-1;DB_CLOSE_ON_EXIT=FALSE|insert into product (brand,category,code,description,maker,name,origin,height_in_millimeters,length_in_millimeters,width_in_millimeters,temperature_zone,weight_in_grams,product_no) values (?,?,?,?,?,?,?,?,?,?,?,?,default)|insert into product (brand,category,code,description,maker,name,origin,height_in_millimeters,length_in_millimeters,width_in_millimeters,temperature_zone,weight_in_grams,product_no) values ('brand','ELECTRONICS','code','description','maker','name','origin',100,100,100,'ROOM_TEMPERATURE',1000,default)
1714903713037|0|commit|connection 0|url jdbc:p6spy:h2:mem:wmslive;DB_CLOSE_DELAY=-1;DB_CLOSE_ON_EXIT=FALSE||
1714903713098|1|statement|connection 0|url jdbc:p6spy:h2:mem:wmslive;DB_CLOSE_DELAY=-1;DB_CLOSE_ON_EXIT=FALSE|insert into product (brand,category,code,description,maker,name,origin,height_in_millimeters,length_in_millimeters,width_in_millimeters,temperature_zone,weight_in_grams,product_no) values (?,?,?,?,?,?,?,?,?,?,?,?,default)|insert into product (brand,category,code,description,maker,name,origin,height_in_millimeters,length_in_millimeters,width_in_millimeters,temperature_zone,weight_in_grams,product_no) values ('brand','ELECTRONICS','code','description','maker','name','origin',100,100,100,'ROOM_TEMPERATURE',1000,default)
1714903713103|0|rollback|connection 0|url jdbc:p6spy:h2:mem:wmslive;DB_CLOSE_DELAY=-1;DB_CLOSE_ON_EXIT=FALSE||
